<?xml version="1.0" encoding="UTF-8"?>
<!-- Generated by org.testng.reporters.JUnitReportReporter -->
<testsuite hostname="ISW-230210-1169" failures="0" tests="5" name="tests.test" time="28.480" errors="0" timestamp="2023-08-14T13:38:19 WAT" skipped="0">
  <testcase classname="tests.test" name="loginTest" time="8.896"/>
  <system-out/>
  <testcase classname="tests.test" name="chartTest" time="0.206"/>
  <system-out/>
  <testcase classname="tests.test" name="checkoutTest" time="5.073"/>
  <system-out/>
  <testcase classname="tests.test" name="checkoutformTest" time="8.233"/>
  <system-out/>
  <testcase classname="tests.test" name="buyingcompleteTest" time="6.072"/>
  <system-out/>
</testsuite> <!-- tests.test -->
